<?xml version="1.0" encoding="UTF-8"?>
<!-- Generated by org.testng.reporters.JUnitReportReporter -->
<testsuite hostname="Mukesh" name="TestCases.LoginWordpress" tests="3" failures="0" timestamp="19 Dec 2015 04:05:15 GMT" time="19.895" errors="0">
  <testcase name="test3" time="0.004" classname="TestCases.LoginWordpress"/>
  <testcase name="verifyLoginWordpress" time="19.850" classname="TestCases.LoginWordpress"/>
  <testcase name="test2" time="0.041" classname="TestCases.LoginWordpress"/>
</testsuite>
